PLINK v1.90b6.26 64-bit (2 Apr 2022)
Options in effect:
  --bfile Cn_38_Strains.MAF
  --out Cn_38_Strains.MAF.PCA
  --pca 10

Hostname: dhcp11.msi.umn.edu
Working directory: /Users/tomkono/Dropbox/GitHub/RIS/Nielsen_Cn_GWAS/Data/38_Strain_PLINK/MAF_Filtered
Start time: Wed Sep 14 12:46:35 2022

Random number seed: 1663177595
32768 MB RAM detected; reserving 16384 MB for main workspace.
563 variants loaded from .bim file.
38 people (0 males, 0 females, 38 ambiguous) loaded from .fam.
Ambiguous sex IDs written to Cn_38_Strains.MAF.PCA.nosex .
Using up to 8 threads (change this with --threads).
Before main variant filters, 38 founders and 0 nonfounders present.
Calculating allele frequencies... done.
Total genotyping rate is 0.967888.
563 variants and 38 people pass filters and QC.
Note: No phenotypes present.
Relationship matrix calculation complete.
--pca: Results saved to Cn_38_Strains.MAF.PCA.eigenval and
Cn_38_Strains.MAF.PCA.eigenvec .

End time: Wed Sep 14 12:46:35 2022
