PLINK v1.90b6.22 64-bit (3 Nov 2020)
Options in effect:
  --allow-no-sex
  --bfile Cn_38_Strains
  --nonfounders
  --out Cn_38_Strains.PCA
  --pca 10

Hostname: debian
Working directory: /storage/Data/Dropbox/GitHub/RIS/Nielsen_Cn_GWAS/Data/38_Strain_PLINK
Start time: Tue Sep 13 16:25:49 2022

Random number seed: 1663104349
15921 MB RAM detected; reserving 7960 MB for main workspace.
652 variants loaded from .bim file.
38 people (0 males, 0 females, 38 ambiguous) loaded from .fam.
Ambiguous sex IDs written to Cn_38_Strains.PCA.nosex .
Using up to 4 threads (change this with --threads).
Before main variant filters, 38 founders and 0 nonfounders present.
Calculating allele frequencies... done.
Total genotyping rate is 0.970011.
652 variants and 38 people pass filters and QC.
Note: No phenotypes present.
Relationship matrix calculation complete.
--pca: Results saved to Cn_38_Strains.PCA.eigenval and
Cn_38_Strains.PCA.eigenvec .

End time: Tue Sep 13 16:25:51 2022
