PLINK v1.90b6.22 64-bit (3 Nov 2020)
Options in effect:
  --bfile ST93A_Isolates
  --out ST93A_Isolates.PCA
  --pca 10

Hostname: debian
Working directory: /storage/Data/Dropbox/GitHub/RIS/Nielsen_Cn_GWAS/Data/38_Strain_PLINK/ST93A_Isolates
Start time: Fri Feb 17 09:51:00 2023

Random number seed: 1676649060
15921 MB RAM detected; reserving 7960 MB for main workspace.
376 variants loaded from .bim file.
20 people (0 males, 0 females, 20 ambiguous) loaded from .fam.
Ambiguous sex IDs written to ST93A_Isolates.PCA.nosex .
Using up to 4 threads (change this with --threads).
Before main variant filters, 20 founders and 0 nonfounders present.
Calculating allele frequencies... done.
Total genotyping rate is 0.957314.
376 variants and 20 people pass filters and QC.
Note: No phenotypes present.
Relationship matrix calculation complete.
--pca: Results saved to ST93A_Isolates.PCA.eigenval and
ST93A_Isolates.PCA.eigenvec .

End time: Fri Feb 17 09:51:00 2023
